d:\directx9_projects\dx\componentengine\componentengine\mycomponentengine\debug\vc142.pdb
d:\directx9_projects\dx\componentengine\componentengine\mycomponentengine\debug\vc142.idb
d:\directx9_projects\dx\componentengine\componentengine\mycomponentengine\debug\transform.obj
d:\directx9_projects\dx\componentengine\componentengine\mycomponentengine\debug\singleton.obj
d:\directx9_projects\dx\componentengine\componentengine\mycomponentengine\debug\shader.obj
d:\directx9_projects\dx\componentengine\componentengine\mycomponentengine\debug\meshrenderer.obj
d:\directx9_projects\dx\componentengine\componentengine\mycomponentengine\debug\sdkmisc.obj
d:\directx9_projects\dx\componentengine\componentengine\mycomponentengine\debug\sdkmesh.obj
d:\directx9_projects\dx\componentengine\componentengine\mycomponentengine\debug\dxutsettingsdlg.obj
d:\directx9_projects\dx\componentengine\componentengine\mycomponentengine\debug\dxutres.obj
d:\directx9_projects\dx\componentengine\componentengine\mycomponentengine\debug\dxutgui.obj
d:\directx9_projects\dx\componentengine\componentengine\mycomponentengine\debug\dxutcamera.obj
d:\directx9_projects\dx\componentengine\componentengine\mycomponentengine\debug\dxutmisc.obj
d:\directx9_projects\dx\componentengine\componentengine\mycomponentengine\debug\dxutenum.obj
d:\directx9_projects\dx\componentengine\componentengine\mycomponentengine\debug\mycomponentengine.obj
d:\directx9_projects\dx\componentengine\componentengine\mycomponentengine\debug\gameobject.obj
d:\directx9_projects\dx\componentengine\componentengine\mycomponentengine\debug\component.obj
d:\directx9_projects\dx\componentengine\componentengine\mycomponentengine\debug\camera.obj
d:\directx9_projects\dx\componentengine\componentengine\mycomponentengine\debug\maincamera.obj
d:\directx9_projects\dx\componentengine\componentengine\mycomponentengine\debug\scene.obj
d:\directx9_projects\dx\componentengine\componentengine\mycomponentengine\debug\global.obj
d:\directx9_projects\dx\componentengine\componentengine\mycomponentengine\debug\material.obj
d:\directx9_projects\dx\componentengine\componentengine\mycomponentengine\debug\lightmanager.obj
d:\directx9_projects\dx\componentengine\componentengine\mycomponentengine\debug\light.obj
d:\directx9_projects\dx\componentengine\componentengine\mycomponentengine\debug\testscene.obj
d:\directx9_projects\dx\componentengine\componentengine\mycomponentengine\debug\scenemanager.obj
d:\directx9_projects\dx\componentengine\componentengine\mycomponentengine\debug\spriterenderer.obj
d:\directx9_projects\dx\componentengine\componentengine\mycomponentengine\debug\image.obj
d:\directx9_projects\dx\componentengine\componentengine\mycomponentengine\debug\texture.obj
d:\directx9_projects\dx\componentengine\componentengine\mycomponentengine\debug\text.obj
d:\directx9_projects\dx\componentengine\componentengine\mycomponentengine\debug\font.obj
d:\directx9_projects\dx\componentengine\componentengine\mycomponentengine\debug\mycomponentengine.pch
d:\directx9_projects\dx\componentengine\componentengine\mycomponentengine\debug\dxut.obj
d:\directx9_projects\dx\componentengine\componentengine\mycomponentengine\debug\mycomponentengine.res
d:\directx9_projects\dx\componentengine\componentengine\mycomponentengine\debug\mycomponentengine.exe
d:\directx9_projects\dx\componentengine\componentengine\mycomponentengine\debug\mycomponentengine.ilk
d:\directx9_projects\dx\componentengine\componentengine\mycomponentengine\debug\mycomponentengine.pdb
d:\directx9_projects\dx\componentengine\componentengine\mycomponentengine\debug\mycompon.d3d09108.tlog\cl.read.1.tlog
d:\directx9_projects\dx\componentengine\componentengine\mycomponentengine\debug\mycompon.d3d09108.tlog\cl.write.1.tlog
d:\directx9_projects\dx\componentengine\componentengine\mycomponentengine\debug\mycompon.d3d09108.tlog\cl.command.1.tlog
d:\directx9_projects\dx\componentengine\componentengine\mycomponentengine\debug\mycompon.d3d09108.tlog\rc.read.1.tlog
d:\directx9_projects\dx\componentengine\componentengine\mycomponentengine\debug\mycompon.d3d09108.tlog\rc.write.1.tlog
d:\directx9_projects\dx\componentengine\componentengine\mycomponentengine\debug\mycompon.d3d09108.tlog\rc.command.1.tlog
d:\directx9_projects\dx\componentengine\componentengine\mycomponentengine\debug\mycompon.d3d09108.tlog\link.read.1.tlog
d:\directx9_projects\dx\componentengine\componentengine\mycomponentengine\debug\mycompon.d3d09108.tlog\link.write.1.tlog
d:\directx9_projects\dx\componentengine\componentengine\mycomponentengine\debug\mycompon.d3d09108.tlog\link.command.1.tlog
